<testsuite tests='7' results='7' failures='0' disabled='0' errors='0' time='2.737' name='behavior.new_user_creation'>
  <testcase classname='behavior.new_user_creation' name='creation succesfull with correct username and password' time='0.137' />
  <testcase classname='behavior.new_user_creation' name='can login with succesfully generated account' time='0.057' />
  <testcase classname='behavior.new_user_creation' name='creation fails with correct username and too short password' time='0.061' />
  <testcase classname='behavior.new_user_creation' name='creation fails with correct username and password consisting of letters' time='0.041' />
  <testcase classname='behavior.new_user_creation' name='creation fails with too short username and valid password' time='0.071' />
  <testcase classname='behavior.new_user_creation' name='creation fails with already taken username and valid password' time='0.058' />
  <testcase classname='behavior.new_user_creation' name='can not login with account that is not succesfully created' time='0.052' />
</testsuite>